{"/Users/sduball/LocalStorage/packages/chakra-radix-colors/src/index.ts": {"path":"/Users/sduball/LocalStorage/packages/chakra-radix-colors/src/index.ts","statementMap":{"0":{"start":{"line":2,"column":2},"end":{"line":2,"column":25}}},"fnMap":{"0":{"name":"sayHello","decl":{"start":{"line":1,"column":16},"end":{"line":1,"column":24}},"loc":{"start":{"line":1,"column":39},"end":{"line":3,"column":1}},"line":1}},"branchMap":{},"s":{"0":1},"f":{"0":1},"b":{},"_coverageSchema":"1a1c01bbd47fc00a2c39e90264f33305004495a9","hash":"b4983f0e47b87daba0cfc4bb487bba346346a942"}
}
